#
# A fatal error has been detected by the Java Runtime Environment:
#
#  EXCEPTION_ACCESS_VIOLATION (0xc0000005) at pc=0x0000000005e9fe6d, pid=3032, tid=7544
#
# JRE version: Java(TM) SE Runtime Environment (7.0_75-b13) (build 1.7.0_75-b13)
# Java VM: Java HotSpot(TM) 64-Bit Server VM (24.75-b04 mixed mode windows-amd64 compressed oops)
# Problematic frame:
# C  0x0000000005e9fe6d
#
# Failed to write core dump. Minidumps are not enabled by default on client versions of Windows
#
# If you would like to submit a bug report, please visit:
#   http://bugreport.sun.com/bugreport/crash.jsp
# The crash happened outside the Java Virtual Machine in native code.
# See problematic frame for where to report the bug.
#

---------------  T H R E A D  ---------------

Current thread (0x000000000cbbb800):  JavaThread "AWT-EventQueue-0" [_thread_in_native, id=7544, stack(0x000000000dd30000,0x000000000de30000)]

siginfo: ExceptionCode=0xc0000005, reading address 0x000000000e720000

Registers:
RAX=0x000000001d611670, RBX=0x000000000d640000, RCX=0x00000000000107bc, RDX=0x000000001052e314
RSP=0x000000000de2bcb0, RBP=0x000000003c42f838, RSI=0x000000000e720000, RDI=0x0000000000031734
R8 =0x00000000104ec420, R9 =0x000000000001c71b, R10=0x000000000d6b5230, R11=0x000000001055e08c
R12=0x000000001d3c0000, R13=0x000000000001c71b, R14=0x00000000104ec420, R15=0x00000000003fffcc
RIP=0x0000000005e9fe6d, EFLAGS=0x0000000000010206

Top of Stack: (sp=0x000000000de2bcb0)
0x000000000de2bcb0:   000000000ef807f0 000000000eeb2f70
0x000000000de2bcc0:   000000000d640000 000000000001c71b
0x000000000de2bcd0:   0000000011df82b0 0000000059ec6e65
0x000000000de2bce0:   00000000104ec420 00000000003fffcc
0x000000000de2bcf0:   000000000001c71b 0000000000000005
0x000000000de2bd00:   000000000de2bfb8 000000000de2bf00
0x000000000de2bd10:   0000868e7f48be83 0000000000000000
0x000000000de2bd20:   0000000000000000 000000001d3c0000
0x000000000de2bd30:   0000000000000000 0000000000000000
0x000000000de2bd40:   000000000001c71b 0000000005e9fdc0
0x000000000de2bd50:   00000000104ec420 000000000d694888
0x000000000de2bd60:   00000000489c4e00 0000000011dfb9c0
0x000000000de2bd70:   0000000000000040 0000000000000000
0x000000000de2bd80:   0000000000000000 0000000000000000
0x000000000de2bd90:   0000000000000000 0000000000000000
0x000000000de2bda0:   000000000067b200 0000000000000000 

Instructions: (pc=0x0000000005e9fe6d)
0x0000000005e9fe4d:   08 89 78 14 48 be 60 53 69 0d 00 00 00 00 48 8b
0x0000000005e9fe5d:   36 48 8b b6 88 01 00 00 48 8d 3c 49 48 8d 34 be
0x0000000005e9fe6d:   8b 3e 8b 6e 04 89 78 18 89 68 1c 8b 7e 08 89 78
0x0000000005e9fe7d:   20 48 83 c0 24 49 3b d3 0f 85 60 ff ff ff 48 8b 


Register to memory mapping:

RAX=0x000000001d611670 is an unknown value
RBX=0x000000000d640000 is an unknown value
RCX=0x00000000000107bc is an unknown value
RDX=0x000000001052e314 is an unknown value
RSP=0x000000000de2bcb0 is pointing into the stack for thread: 0x000000000cbbb800
RBP=0x000000003c42f838 is an unknown value
RSI=0x000000000e720000 is an unknown value
RDI=0x0000000000031734 is an unknown value
R8 =0x00000000104ec420 is an unknown value
R9 =0x000000000001c71b is an unknown value
R10=0x000000000d6b5230 is an unknown value
R11=0x000000001055e08c is an unknown value
R12=0x000000001d3c0000 is an unknown value
R13=0x000000000001c71b is an unknown value
R14=0x00000000104ec420 is an unknown value
R15=0x00000000003fffcc is an unknown value


Stack: [0x000000000dd30000,0x000000000de30000],  sp=0x000000000de2bcb0,  free space=1007k
Native frames: (J=compiled Java code, j=interpreted, Vv=VM code, C=native code)
C  0x0000000005e9fe6d

[error occurred during error reporting (printing native stack), id 0xc0000005]

Java frames: (J=compiled Java code, j=interpreted, Vv=VM code)
j  jogamp.opengl.gl4.GL4bcImpl.dispatch_glDrawElements1(IIILjava/lang/Object;IZJ)V+0
j  jogamp.opengl.gl4.GL4bcImpl.glDrawElements(IIILjava/nio/Buffer;)V+105
j  cz.muni.fi.pv112.loaders.ObjLoaderVertexWrapper.render(Ljavax/media/opengl/GL2;)V+94
j  cz.muni.fi.pv112.Scene.display(Ljavax/media/opengl/GLAutoDrawable;)V+307
j  jogamp.opengl.GLDrawableHelper.displayImpl(Ljavax/media/opengl/GLAutoDrawable;)V+81
j  jogamp.opengl.GLDrawableHelper.display(Ljavax/media/opengl/GLAutoDrawable;)V+2
j  javax.media.opengl.awt.GLJPanel$Updater.display(Ljavax/media/opengl/GLAutoDrawable;)V+200
j  javax.media.opengl.awt.GLJPanel$9.run()V+11
j  jogamp.opengl.GLDrawableHelper.invokeGLImpl(Ljavax/media/opengl/GLDrawable;Ljavax/media/opengl/GLContext;Ljava/lang/Runnable;Ljava/lang/Runnable;)V+203
j  jogamp.opengl.GLDrawableHelper.invokeGL(Ljavax/media/opengl/GLDrawable;Ljavax/media/opengl/GLContext;Ljava/lang/Runnable;Ljava/lang/Runnable;)V+72
j  javax.media.opengl.awt.GLJPanel$OffscreenBackend.doPaintComponent(Ljava/awt/Graphics;)V+29
j  javax.media.opengl.awt.GLJPanel.paintComponent(Ljava/awt/Graphics;)V+215
j  javax.swing.JComponent.paint(Ljava/awt/Graphics;)V+286
j  javax.swing.JComponent.paintChildren(Ljava/awt/Graphics;)V+501
j  javax.swing.JComponent.paint(Ljava/awt/Graphics;)V+318
j  javax.swing.JComponent.paintChildren(Ljava/awt/Graphics;)V+501
j  javax.swing.JComponent.paint(Ljava/awt/Graphics;)V+318
j  javax.swing.JLayeredPane.paint(Ljava/awt/Graphics;)V+73
j  javax.swing.JComponent.paintChildren(Ljava/awt/Graphics;)V+501
j  javax.swing.JComponent.paintToOffscreen(Ljava/awt/Graphics;IIIIII)V+72
j  javax.swing.RepaintManager$PaintManager.paintDoubleBuffered(Ljavax/swing/JComponent;Ljava/awt/Image;Ljava/awt/Graphics;IIII)V+163
j  javax.swing.RepaintManager$PaintManager.paint(Ljavax/swing/JComponent;Ljavax/swing/JComponent;Ljava/awt/Graphics;IIII)Z+116
j  javax.swing.RepaintManager.paint(Ljavax/swing/JComponent;Ljavax/swing/JComponent;Ljava/awt/Graphics;IIII)V+52
j  javax.swing.JComponent.paint(Ljava/awt/Graphics;)V+221
j  java.awt.GraphicsCallback$PaintCallback.run(Ljava/awt/Component;Ljava/awt/Graphics;)V+2
j  sun.awt.SunGraphicsCallback.runOneComponent(Ljava/awt/Component;Ljava/awt/Rectangle;Ljava/awt/Graphics;Ljava/awt/Shape;I)V+155
j  sun.awt.SunGraphicsCallback.runComponents([Ljava/awt/Component;Ljava/awt/Graphics;I)V+194
j  java.awt.Container.paint(Ljava/awt/Graphics;)V+58
j  java.awt.Window.paint(Ljava/awt/Graphics;)V+68
j  javax.swing.RepaintManager$3.run()Ljava/lang/Void;+136
j  javax.swing.RepaintManager$3.run()Ljava/lang/Object;+1
v  ~StubRoutines::call_stub
j  java.security.AccessController.doPrivileged(Ljava/security/PrivilegedAction;Ljava/security/AccessControlContext;)Ljava/lang/Object;+0
j  java.security.ProtectionDomain$1.doIntersectionPrivilege(Ljava/security/PrivilegedAction;Ljava/security/AccessControlContext;Ljava/security/AccessControlContext;)Ljava/lang/Object;+28
j  javax.swing.RepaintManager.paintDirtyRegions(Ljava/util/Map;)V+154
j  javax.swing.RepaintManager.paintDirtyRegions()V+46
j  javax.swing.RepaintManager.prePaintDirtyRegions()V+73
j  javax.swing.RepaintManager.access$1100(Ljavax/swing/RepaintManager;)V+1
j  javax.swing.RepaintManager$ProcessingRunnable.run()V+37
j  java.awt.event.InvocationEvent.dispatch()V+47
j  java.awt.EventQueue.dispatchEventImpl(Ljava/awt/AWTEvent;Ljava/lang/Object;)V+21
j  java.awt.EventQueue.access$300(Ljava/awt/EventQueue;Ljava/awt/AWTEvent;Ljava/lang/Object;)V+3
j  java.awt.EventQueue$3.run()Ljava/lang/Void;+12
j  java.awt.EventQueue$3.run()Ljava/lang/Object;+1
v  ~StubRoutines::call_stub
j  java.security.AccessController.doPrivileged(Ljava/security/PrivilegedAction;Ljava/security/AccessControlContext;)Ljava/lang/Object;+0
j  java.security.ProtectionDomain$1.doIntersectionPrivilege(Ljava/security/PrivilegedAction;Ljava/security/AccessControlContext;Ljava/security/AccessControlContext;)Ljava/lang/Object;+28
j  java.awt.EventQueue.dispatchEvent(Ljava/awt/AWTEvent;)V+46
j  java.awt.EventDispatchThread.pumpOneEventForFilters(I)V+245
j  java.awt.EventDispatchThread.pumpEventsForFilter(ILjava/awt/Conditional;Ljava/awt/EventFilter;)V+35
j  java.awt.EventDispatchThread.pumpEventsForHierarchy(ILjava/awt/Conditional;Ljava/awt/Component;)V+11
j  java.awt.EventDispatchThread.pumpEvents(ILjava/awt/Conditional;)V+4
j  java.awt.EventDispatchThread.pumpEvents(Ljava/awt/Conditional;)V+3
j  java.awt.EventDispatchThread.run()V+9
v  ~StubRoutines::call_stub

---------------  P R O C E S S  ---------------

Java Threads: ( => current thread )
  0x00000000100a5000 JavaThread "AWT-EventQueue-0-FPSAWTAnimator#00-Timer0" [_thread_blocked, id=6448, stack(0x000000000fec0000,0x000000000ffc0000)]
  0x000000000dfe1000 JavaThread "AWT-EventQueue-0-SharedResourceRunner" daemon [_thread_blocked, id=1100, stack(0x000000000db00000,0x000000000dc00000)]
  0x000000000019f000 JavaThread "DestroyJavaVM" [_thread_blocked, id=6148, stack(0x0000000002690000,0x0000000002790000)]
=>0x000000000cbbb800 JavaThread "AWT-EventQueue-0" [_thread_in_native, id=7544, stack(0x000000000dd30000,0x000000000de30000)]
  0x000000000cba3800 JavaThread "AWT-Windows" daemon [_thread_in_native, id=5684, stack(0x000000000d3a0000,0x000000000d4a0000)]
  0x000000000cba2800 JavaThread "AWT-Shutdown" [_thread_blocked, id=1564, stack(0x000000000d220000,0x000000000d320000)]
  0x000000000cba2000 JavaThread "Java2D Disposer" daemon [_thread_blocked, id=6308, stack(0x000000000cfc0000,0x000000000d0c0000)]
  0x000000000ca42000 JavaThread "Monitor Ctrl-Break" daemon [_thread_in_native, id=6720, stack(0x000000000cdb0000,0x000000000ceb0000)]
  0x000000000abf3800 JavaThread "Service Thread" daemon [_thread_blocked, id=5808, stack(0x000000000c690000,0x000000000c790000)]
  0x000000000abf2000 JavaThread "C2 CompilerThread1" daemon [_thread_blocked, id=5968, stack(0x000000000c530000,0x000000000c630000)]
  0x000000000abe8800 JavaThread "C2 CompilerThread0" daemon [_thread_blocked, id=5168, stack(0x000000000bf30000,0x000000000c030000)]
  0x000000000abe5800 JavaThread "Attach Listener" daemon [_thread_blocked, id=2892, stack(0x000000000c3e0000,0x000000000c4e0000)]
  0x000000000abe0800 JavaThread "Signal Dispatcher" daemon [_thread_blocked, id=5728, stack(0x000000000c2e0000,0x000000000c3e0000)]
  0x000000000ab89000 JavaThread "Finalizer" daemon [_thread_blocked, id=7308, stack(0x000000000c060000,0x000000000c160000)]
  0x000000000ab81800 JavaThread "Reference Handler" daemon [_thread_blocked, id=5236, stack(0x000000000be20000,0x000000000bf20000)]

Other Threads:
  0x000000000ab7c000 VMThread [stack: 0x000000000bca0000,0x000000000bda0000] [id=6304]
  0x000000000abfc800 WatcherThread [stack: 0x000000000c890000,0x000000000c990000] [id=3184]

VM state:not at safepoint (normal execution)

VM Mutex/Monitor currently owned by a thread: None

Heap
 PSYoungGen      total 342016K, used 38903K [0x00000007d5c00000, 0x00000007fce00000, 0x0000000800000000)
  eden space 328704K, 8% used [0x00000007d5c00000,0x00000007d78c2d78,0x00000007e9d00000)
  from space 13312K, 71% used [0x00000007f0700000,0x00000007f103b0b0,0x00000007f1400000)
  to   space 108544K, 0% used [0x00000007e9d00000,0x00000007e9d00000,0x00000007f0700000)
 ParOldGen       total 422400K, used 274471K [0x0000000781400000, 0x000000079b080000, 0x00000007d5c00000)
  object space 422400K, 64% used [0x0000000781400000,0x0000000792009c90,0x000000079b080000)
 PSPermGen       total 37888K, used 18801K [0x000000077c200000, 0x000000077e700000, 0x0000000781400000)
  object space 37888K, 49% used [0x000000077c200000,0x000000077d45c720,0x000000077e700000)

Card table byte_map: [0x0000000005790000,0x0000000005bb0000] byte_map_base: 0x0000000001baf000

Polling page: 0x0000000000140000

Code Cache  [0x0000000002790000, 0x0000000002a00000, 0x0000000005790000)
 total_blobs=1061 nmethods=213 adapters=800 free_code_cache=47696Kb largest_free_block=48778496

Compilation events (10 events):
Event: 4.522 Thread 0x000000000abf2000 nmethod 207 0x00000000028e7690 code [0x00000000028e78c0, 0x00000000028e88f0]
Event: 4.523 Thread 0x000000000abe8800  210 % !         jogamp.opengl.util.jpeg.JPEGDecoder$Decoder::decodeScan @ 421 (806 bytes)
Event: 4.540 Thread 0x000000000abe8800 nmethod 210% 0x00000000028f3550 code [0x00000000028f3780, 0x00000000028f4610]
Event: 4.541 Thread 0x000000000abf2000  211 % !         jogamp.opengl.util.jpeg.JPEGDecoder$Decoder::decodeScan @ 411 (806 bytes)
Event: 4.557 Thread 0x000000000abf2000 nmethod 211% 0x00000000028f5990 code [0x00000000028f5ba0, 0x00000000028f6a50]
Event: 6.506 Thread 0x000000000abe8800  212  s          jogamp.opengl.util.jpeg.JPEGDecoder::getPixel (1523 bytes)
Event: 6.587 Thread 0x000000000abe8800 nmethod 212 0x00000000028fab50 code [0x00000000028faee0, 0x00000000028fd680]
Event: 6.853 Thread 0x000000000abf2000  213             jogamp.opengl.util.jpeg.JPEGDecoder$ComponentOut::getLine (31 bytes)
Event: 6.854 Thread 0x000000000abf2000 nmethod 213 0x00000000028ddd10 code [0x00000000028dde60, 0x00000000028ddf58]
Event: 7.905 Thread 0x000000000abe8800  214             sun.misc.URLClassPath::getResource (74 bytes)

GC Heap History (10 events):
Event: 3.604 GC heap before
{Heap before GC invocations=7 (full 0):
 PSYoungGen      total 140288K, used 140108K [0x00000007d5c00000, 0x00000007dec00000, 0x0000000800000000)
  eden space 133120K, 100% used [0x00000007d5c00000,0x00000007dde00000,0x00000007dde00000)
  from space 7168K, 97% used [0x00000007de500000,0x00000007debd3198,0x00000007dec00000)
  to   space 7168K, 0% used [0x00000007dde00000,0x00000007dde00000,0x00000007de500000)
 ParOldGen       total 86528K, used 5165K [0x0000000781400000, 0x0000000786880000, 0x00000007d5c00000)
  object space 86528K, 5% used [0x0000000781400000,0x000000078190b5c8,0x0000000786880000)
 PSPermGen       total 21504K, used 18491K [0x000000077c200000, 0x000000077d700000, 0x0000000781400000)
  object space 21504K, 85% used [0x000000077c200000,0x000000077d40ed28,0x000000077d700000)
Event: 3.616 GC heap after
Heap after GC invocations=7 (full 0):
 PSYoungGen      total 140288K, used 6079K [0x00000007d5c00000, 0x00000007e6e00000, 0x0000000800000000)
  eden space 133120K, 0% used [0x00000007d5c00000,0x00000007d5c00000,0x00000007dde00000)
  from space 7168K, 84% used [0x00000007dde00000,0x00000007de3efd70,0x00000007de500000)
  to   space 7168K, 0% used [0x00000007e6700000,0x00000007e6700000,0x00000007e6e00000)
 ParOldGen       total 86528K, used 9177K [0x0000000781400000, 0x0000000786880000, 0x00000007d5c00000)
  object space 86528K, 10% used [0x0000000781400000,0x0000000781cf67b8,0x0000000786880000)
 PSPermGen       total 21504K, used 18491K [0x000000077c200000, 0x000000077d700000, 0x0000000781400000)
  object space 21504K, 85% used [0x000000077c200000,0x000000077d40ed28,0x000000077d700000)
}
Event: 3.715 GC heap before
{Heap before GC invocations=8 (full 0):
 PSYoungGen      total 140288K, used 139199K [0x00000007d5c00000, 0x00000007e6e00000, 0x0000000800000000)
  eden space 133120K, 100% used [0x00000007d5c00000,0x00000007dde00000,0x00000007dde00000)
  from space 7168K, 84% used [0x00000007dde00000,0x00000007de3efd70,0x00000007de500000)
  to   space 7168K, 0% used [0x00000007e6700000,0x00000007e6700000,0x00000007e6e00000)
 ParOldGen       total 86528K, used 9177K [0x0000000781400000, 0x0000000786880000, 0x00000007d5c00000)
  object space 86528K, 10% used [0x0000000781400000,0x0000000781cf67b8,0x0000000786880000)
 PSPermGen       total 21504K, used 18491K [0x000000077c200000, 0x000000077d700000, 0x0000000781400000)
  object space 21504K, 85% used [0x000000077c200000,0x000000077d40ef10,0x000000077d700000)
Event: 3.725 GC heap after
Heap after GC invocations=8 (full 0):
 PSYoungGen      total 271872K, used 7150K [0x00000007d5c00000, 0x00000007e7100000, 0x0000000800000000)
  eden space 264704K, 0% used [0x00000007d5c00000,0x00000007d5c00000,0x00000007e5e80000)
  from space 7168K, 99% used [0x00000007e6700000,0x00000007e6dfbbf8,0x00000007e6e00000)
  to   space 8704K, 0% used [0x00000007e5e80000,0x00000007e5e80000,0x00000007e6700000)
 ParOldGen       total 86528K, used 11233K [0x0000000781400000, 0x0000000786880000, 0x00000007d5c00000)
  object space 86528K, 12% used [0x0000000781400000,0x0000000781ef87b8,0x0000000786880000)
 PSPermGen       total 21504K, used 18491K [0x000000077c200000, 0x000000077d700000, 0x0000000781400000)
  object space 21504K, 85% used [0x000000077c200000,0x000000077d40ef10,0x000000077d700000)
}
Event: 4.256 GC heap before
{Heap before GC invocations=9 (full 0):
 PSYoungGen      total 271872K, used 271854K [0x00000007d5c00000, 0x00000007e7100000, 0x0000000800000000)
  eden space 264704K, 100% used [0x00000007d5c00000,0x00000007e5e80000,0x00000007e5e80000)
  from space 7168K, 99% used [0x00000007e6700000,0x00000007e6dfbbf8,0x00000007e6e00000)
  to   space 8704K, 0% used [0x00000007e5e80000,0x00000007e5e80000,0x00000007e6700000)
 ParOldGen       total 86528K, used 11233K [0x0000000781400000, 0x0000000786880000, 0x00000007d5c00000)
  object space 86528K, 12% used [0x0000000781400000,0x0000000781ef87b8,0x0000000786880000)
 PSPermGen       total 21504K, used 18496K [0x000000077c200000, 0x000000077d700000, 0x0000000781400000)
  object space 21504K, 86% used [0x000000077c200000,0x000000077d4101f8,0x000000077d700000)
Event: 4.284 GC heap after
Heap after GC invocations=9 (full 0):
 PSYoungGen      total 273408K, used 8679K [0x00000007d5c00000, 0x00000007f1400000, 0x0000000800000000)
  eden space 264704K, 0% used [0x00000007d5c00000,0x00000007d5c00000,0x00000007e5e80000)
  from space 8704K, 99% used [0x00000007e5e80000,0x00000007e66f9ea8,0x00000007e6700000)
  to   space 13312K, 0% used [0x00000007f0700000,0x00000007f0700000,0x00000007f1400000)
 ParOldGen       total 86528K, used 21395K [0x0000000781400000, 0x0000000786880000, 0x00000007d5c00000)
  object space 86528K, 24% used [0x0000000781400000,0x00000007828e4c88,0x0000000786880000)
 PSPermGen       total 21504K, used 18496K [0x000000077c200000, 0x000000077d700000, 0x0000000781400000)
  object space 21504K, 86% used [0x000000077c200000,0x000000077d4101f8,0x000000077d700000)
}
Event: 5.814 GC heap before
{Heap before GC invocations=10 (full 0):
 PSYoungGen      total 273408K, used 273383K [0x00000007d5c00000, 0x00000007f1400000, 0x0000000800000000)
  eden space 264704K, 100% used [0x00000007d5c00000,0x00000007e5e80000,0x00000007e5e80000)
  from space 8704K, 99% used [0x00000007e5e80000,0x00000007e66f9ea8,0x00000007e6700000)
  to   space 13312K, 0% used [0x00000007f0700000,0x00000007f0700000,0x00000007f1400000)
 ParOldGen       total 86528K, used 21395K [0x0000000781400000, 0x0000000786880000, 0x00000007d5c00000)
  object space 86528K, 24% used [0x0000000781400000,0x00000007828e4c88,0x0000000786880000)
 PSPermGen       total 21504K, used 18782K [0x000000077c200000, 0x000000077d700000, 0x0000000781400000)
  object space 21504K, 87% used [0x000000077c200000,0x000000077d457a70,0x000000077d700000)
Event: 5.926 GC heap after
Heap after GC invocations=10 (full 0):
 PSYoungGen      total 342016K, used 13290K [0x00000007d5c00000, 0x00000007fce00000, 0x0000000800000000)
  eden space 328704K, 0% used [0x00000007d5c00000,0x00000007d5c00000,0x00000007e9d00000)
  from space 13312K, 99% used [0x00000007f0700000,0x00000007f13faaa0,0x00000007f1400000)
  to   space 108544K, 0% used [0x00000007e9d00000,0x00000007e9d00000,0x00000007f0700000)
 ParOldGen       total 274944K, used 274294K [0x0000000781400000, 0x0000000792080000, 0x00000007d5c00000)
  object space 274944K, 99% used [0x0000000781400000,0x0000000791fddb88,0x0000000792080000)
 PSPermGen       total 21504K, used 18782K [0x000000077c200000, 0x000000077d700000, 0x0000000781400000)
  object space 21504K, 87% used [0x000000077c200000,0x000000077d457a70,0x000000077d700000)
}
Event: 5.926 GC heap before
{Heap before GC invocations=11 (full 1):
 PSYoungGen      total 342016K, used 13290K [0x00000007d5c00000, 0x00000007fce00000, 0x0000000800000000)
  eden space 328704K, 0% used [0x00000007d5c00000,0x00000007d5c00000,0x00000007e9d00000)
  from space 13312K, 99% used [0x00000007f0700000,0x00000007f13faaa0,0x00000007f1400000)
  to   space 108544K, 0% used [0x00000007e9d00000,0x00000007e9d00000,0x00000007f0700000)
 ParOldGen       total 274944K, used 274294K [0x0000000781400000, 0x0000000792080000, 0x00000007d5c00000)
  object space 274944K, 99% used [0x0000000781400000,0x0000000791fddb88,0x0000000792080000)
 PSPermGen       total 21504K, used 18782K [0x000000077c200000, 0x000000077d700000, 0x0000000781400000)
  object space 21504K, 87% used [0x000000077c200000,0x000000077d457a70,0x000000077d700000)
Event: 6.362 GC heap after
Heap after GC invocations=11 (full 1):
 PSYoungGen      total 342016K, used 9452K [0x00000007d5c00000, 0x00000007fce00000, 0x0000000800000000)
  eden space 328704K, 0% used [0x00000007d5c00000,0x00000007d5c00000,0x00000007e9d00000)
  from space 13312K, 71% used [0x00000007f0700000,0x00000007f103b0b0,0x00000007f1400000)
  to   space 108544K, 0% used [0x00000007e9d00000,0x00000007e9d00000,0x00000007f0700000)
 ParOldGen       total 422400K, used 274471K [0x0000000781400000, 0x000000079b080000, 0x00000007d5c00000)
  object space 422400K, 64% used [0x0000000781400000,0x0000000792009c90,0x000000079b080000)
 PSPermGen       total 37888K, used 18777K [0x000000077c200000, 0x000000077e700000, 0x0000000781400000)
  object space 37888K, 49% used [0x000000077c200000,0x000000077d4564c0,0x000000077e700000)
}

Deoptimization events (10 events):
Event: 0.380 Thread 0x000000000cbbb800 Uncommon trap: reason=class_check action=maybe_recompile pc=0x0000000002808d78 method=java.lang.String.equals(Ljava/lang/Object;)Z @ 8
Event: 0.380 Thread 0x000000000cbbb800 Uncommon trap: reason=class_check action=maybe_recompile pc=0x0000000002808d78 method=java.lang.String.equals(Ljava/lang/Object;)Z @ 8
Event: 0.380 Thread 0x000000000cbbb800 Uncommon trap: reason=class_check action=maybe_recompile pc=0x0000000002808d78 method=java.lang.String.equals(Ljava/lang/Object;)Z @ 8
Event: 2.418 Thread 0x000000000dfe1000 Uncommon trap: reason=unreached action=reinterpret pc=0x0000000002859ea4 method=java.lang.Class.searchFields([Ljava/lang/reflect/Field;Ljava/lang/String;)Ljava/lang/reflect/Field; @ 20
Event: 2.581 Thread 0x000000000cbbb800 Uncommon trap: reason=unreached action=reinterpret pc=0x0000000002852f0c method=sun.misc.URLClassPath$JarLoader.ensureOpen()V @ 4
Event: 2.862 Thread 0x000000000cbbb800 Uncommon trap: reason=unreached action=reinterpret pc=0x000000000287c38c method=java.io.BufferedReader.readLine(Z)Ljava/lang/String; @ 192
Event: 2.892 Thread 0x000000000cbbb800 Uncommon trap: reason=array_check action=maybe_recompile pc=0x000000000287e1e0 method=java.util.AbstractCollection.toArray([Ljava/lang/Object;)[Ljava/lang/Object; @ 119
Event: 2.892 Thread 0x000000000cbbb800 Uncommon trap: reason=array_check action=maybe_recompile pc=0x000000000287e1e0 method=java.util.AbstractCollection.toArray([Ljava/lang/Object;)[Ljava/lang/Object; @ 119
Event: 2.892 Thread 0x000000000cbbb800 Uncommon trap: reason=array_check action=maybe_recompile pc=0x000000000287e1e0 method=java.util.AbstractCollection.toArray([Ljava/lang/Object;)[Ljava/lang/Object; @ 119
Event: 2.892 Thread 0x000000000cbbb800 Uncommon trap: reason=array_check action=maybe_recompile pc=0x000000000287e1e0 method=java.util.AbstractCollection.toArray([Ljava/lang/Object;)[Ljava/lang/Object; @ 119

Internal exceptions (10 events):
Event: 4.311 Thread 0x000000000cbbb800 Threw 0x00000007d5e19ac8 at C:\re\jdk7u75\1940\hotspot\src\share\vm\prims\jvm.cpp:1281
Event: 4.312 Thread 0x000000000cbbb800 Threw 0x00000007d5e21630 at C:\re\jdk7u75\1940\hotspot\src\share\vm\prims\jvm.cpp:1281
Event: 4.313 Thread 0x000000000cbbb800 Threw 0x00000007d5fc5c18 at C:\re\jdk7u75\1940\hotspot\src\share\vm\prims\jvm.cpp:1281
Event: 4.359 Thread 0x000000000cbbb800 Threw 0x00000007d5fd4a50 at C:\re\jdk7u75\1940\hotspot\src\share\vm\prims\jvm.cpp:1281
Event: 4.432 Thread 0x000000000cbbb800 Threw 0x00000007d60425a8 at C:\re\jdk7u75\1940\hotspot\src\share\vm\prims\jvm.cpp:1281
Event: 4.432 Thread 0x000000000cbbb800 Threw 0x00000007d6049980 at C:\re\jdk7u75\1940\hotspot\src\share\vm\prims\jvm.cpp:1281
Event: 4.434 Thread 0x000000000cbbb800 Threw 0x00000007d60577e0 at C:\re\jdk7u75\1940\hotspot\src\share\vm\prims\jvm.cpp:1281
Event: 4.440 Thread 0x000000000cbbb800 Threw 0x00000007d60641b8 at C:\re\jdk7u75\1940\hotspot\src\share\vm\prims\jvm.cpp:1281
Event: 4.445 Thread 0x000000000cbbb800 Threw 0x00000007d606ed18 at C:\re\jdk7u75\1940\hotspot\src\share\vm\prims\jvm.cpp:1281
Event: 7.905 Thread 0x000000000cbbb800 Threw 0x00000007d73d32b0 at C:\re\jdk7u75\1940\hotspot\src\share\vm\prims\jvm.cpp:1281

Events (10 events):
Event: 6.364 Executing VM operation: RevokeBias
Event: 6.364 Executing VM operation: RevokeBias done
Event: 6.364 Executing VM operation: RevokeBias
Event: 6.364 Executing VM operation: RevokeBias done
Event: 6.364 Executing VM operation: BulkRevokeBias
Event: 6.364 Executing VM operation: BulkRevokeBias done
Event: 6.524 Executing VM operation: RevokeBias
Event: 6.524 Executing VM operation: RevokeBias done
Event: 7.905 loading class 0x000000000e405770
Event: 7.905 loading class 0x000000000e405770 done


Dynamic libraries:
0x000000013fad0000 - 0x000000013fb03000 	C:\Program Files\Java\jdk1.7.0_75\bin\java.exe
0x0000000077440000 - 0x00000000775e9000 	C:\windows\SYSTEM32\ntdll.dll
0x0000000077320000 - 0x000000007743f000 	C:\windows\system32\kernel32.dll
0x000007fefd530000 - 0x000007fefd59c000 	C:\windows\system32\KERNELBASE.dll
0x000007fefd980000 - 0x000007fefda5b000 	C:\windows\system32\ADVAPI32.dll
0x000007fefe280000 - 0x000007fefe31f000 	C:\windows\system32\msvcrt.dll
0x000007feff500000 - 0x000007feff51f000 	C:\windows\SYSTEM32\sechost.dll
0x000007fefdc40000 - 0x000007fefdd6d000 	C:\windows\system32\RPCRT4.dll
0x0000000077220000 - 0x000000007731a000 	C:\windows\system32\USER32.dll
0x000007fefd6e0000 - 0x000007fefd747000 	C:\windows\system32\GDI32.dll
0x000007fefd5c0000 - 0x000007fefd5ce000 	C:\windows\system32\LPK.dll
0x000007fefe320000 - 0x000007fefe3e9000 	C:\windows\system32\USP10.dll
0x000007fefbc00000 - 0x000007fefbdf4000 	C:\windows\WinSxS\amd64_microsoft.windows.common-controls_6595b64144ccf1df_6.0.7601.17514_none_fa396087175ac9ac\COMCTL32.dll
0x000007fefe200000 - 0x000007fefe271000 	C:\windows\system32\SHLWAPI.dll
0x000007fefddf0000 - 0x000007fefde1e000 	C:\windows\system32\IMM32.DLL
0x000007fefd5d0000 - 0x000007fefd6d9000 	C:\windows\system32\MSCTF.dll
0x000007fefd130000 - 0x000007fefd161000 	C:\windows\system32\nvinitx.dll
0x000007fefd120000 - 0x000007fefd12c000 	C:\windows\system32\VERSION.dll
0x000000000f000000 - 0x000000000f006000 	C:\Program Files\NVIDIA Corporation\CoProcManager\detoured.dll
0x000007fef9950000 - 0x000007fef9981000 	C:\Program Files\NVIDIA Corporation\CoProcManager\nvd3d9wrapx.dll
0x000007fefda60000 - 0x000007fefdc37000 	C:\windows\system32\SETUPAPI.dll
0x000007fefd440000 - 0x000007fefd476000 	C:\windows\system32\CFGMGR32.dll
0x000007fefe640000 - 0x000007fefe717000 	C:\windows\system32\OLEAUT32.dll
0x000007fefd770000 - 0x000007fefd973000 	C:\windows\system32\ole32.dll
0x000007fefd230000 - 0x000007fefd24a000 	C:\windows\system32\DEVOBJ.dll
0x000007fef97e0000 - 0x000007fef9802000 	C:\Program Files\NVIDIA Corporation\CoProcManager\nvdxgiwrapx.dll
0x000000005bb30000 - 0x000000005bc02000 	C:\Program Files\Java\jdk1.7.0_75\jre\bin\msvcr100.dll
0x000000005b350000 - 0x000000005bb24000 	C:\Program Files\Java\jdk1.7.0_75\jre\bin\server\jvm.dll
0x000007fef90d0000 - 0x000007fef90d9000 	C:\windows\system32\WSOCK32.dll
0x000007fefe720000 - 0x000007fefe76d000 	C:\windows\system32\WS2_32.dll
0x000007fefde20000 - 0x000007fefde28000 	C:\windows\system32\NSI.dll
0x000007fefad70000 - 0x000007fefadab000 	C:\windows\system32\WINMM.dll
0x0000000077610000 - 0x0000000077617000 	C:\windows\system32\PSAPI.DLL
0x00000000665b0000 - 0x00000000665bf000 	C:\Program Files\Java\jdk1.7.0_75\jre\bin\verify.dll
0x0000000061940000 - 0x0000000061968000 	C:\Program Files\Java\jdk1.7.0_75\jre\bin\java.dll
0x0000000061900000 - 0x0000000061915000 	C:\Program Files\Java\jdk1.7.0_75\jre\bin\zip.dll
0x000007fefa7a0000 - 0x000007fefa7b0000 	C:\Program Files (x86)\JetBrains\IntelliJ IDEA 14.0.3\bin\breakgen64.dll
0x000000005b1b0000 - 0x000000005b345000 	C:\Program Files\Java\jdk1.7.0_75\jre\bin\awt.dll
0x000007fefba00000 - 0x000007fefba56000 	C:\windows\system32\uxtheme.dll
0x0000000180000000 - 0x0000000180054000 	C:\Program Files (x86)\Lenovo\Onekey Theater\ActiveDetect64.dll
0x0000000005e60000 - 0x0000000005e8b000 	C:\Program Files (x86)\Lenovo\Onekey Theater\WindowsApiHookDll64.dll
0x000007fefb3b0000 - 0x000007fefb3c8000 	C:\windows\system32\dwmapi.dll
0x000007fefd050000 - 0x000007fefd05f000 	C:\windows\system32\CRYPTBASE.dll
0x0000000010000000 - 0x000000001000a000 	C:\Program Files (x86)\Lenovo\Energy Management\BatteryTestDLL.dll
0x0000000070200000 - 0x00000000702c9000 	C:\windows\WinSxS\amd64_microsoft.vc80.crt_1fc8b3b9a1e18e3b_8.0.50727.6195_none_88e41e092fab0294\MSVCR80.dll
0x000007fefe770000 - 0x000007feff4f9000 	C:\windows\system32\SHELL32.dll
0x0000000061920000 - 0x0000000061939000 	C:\Program Files\Java\jdk1.7.0_75\jre\bin\net.dll
0x000007fefc930000 - 0x000007fefc985000 	C:\windows\system32\mswsock.dll
0x000007fefc920000 - 0x000007fefc927000 	C:\windows\System32\wship6.dll
0x0000000061890000 - 0x00000000618d7000 	C:\Program Files\Java\jdk1.7.0_75\jre\bin\fontmanager.dll
0x000007fefc990000 - 0x000007fefc9a8000 	C:\windows\system32\CRYPTSP.dll
0x000007fefc690000 - 0x000007fefc6d7000 	C:\windows\system32\rsaenh.dll
0x000007fefd5a0000 - 0x000007fefd5be000 	C:\windows\system32\USERENV.dll
0x000007fefd210000 - 0x000007fefd21f000 	C:\windows\system32\profapi.dll
0x000007fefa6a0000 - 0x000007fefa6c7000 	C:\windows\system32\IPHLPAPI.DLL
0x000007fefa690000 - 0x000007fefa69b000 	C:\windows\system32\WINNSI.DLL
0x000007fefa2e0000 - 0x000007fefa2f8000 	C:\windows\system32\dhcpcsvc.DLL
0x000007fefa2c0000 - 0x000007fefa2d1000 	C:\windows\system32\dhcpcsvc6.DLL
0x00000000618e0000 - 0x00000000618f1000 	C:\Program Files\Java\jdk1.7.0_75\jre\bin\nio.dll
0x000007fefcfb0000 - 0x000007fefd007000 	C:\windows\system32\apphelp.dll
0x00000000637c0000 - 0x00000000637cd000 	C:\Users\richard\AppData\Local\Temp\jogamp_0000\file_cache\jln2670540695186554116\jln5358422884170753967\gluegen-rt.dll
0x0000000061880000 - 0x0000000061887000 	C:\Program Files\Java\jdk1.7.0_75\jre\bin\jawt.dll
0x000000006a440000 - 0x000000006a44d000 	C:\Users\richard\AppData\Local\Temp\jogamp_0000\file_cache\jln2670540695186554116\jln5358422884170753967\nativewindow_awt.dll
0x000000006c100000 - 0x000000006c10f000 	C:\Users\richard\AppData\Local\Temp\jogamp_0000\file_cache\jln2670540695186554116\jln5358422884170753967\nativewindow_win32.dll
0x000007fef14d0000 - 0x000007fef15ed000 	C:\windows\system32\OpenGL32.dll
0x000007fef6bb0000 - 0x000007fef6bdd000 	C:\windows\system32\GLU32.dll
0x000007fef5160000 - 0x000007fef5251000 	C:\windows\system32\DDRAW.dll
0x000007fefb0d0000 - 0x000007fefb0d8000 	C:\windows\system32\DCIMAN32.dll
0x0000000064500000 - 0x00000000645a2000 	C:\Users\richard\AppData\Local\Temp\jogamp_0000\file_cache\jln2670540695186554116\jln5358422884170753967\jogl_desktop.dll
0x000007fefd250000 - 0x000007fefd28b000 	C:\windows\system32\WINTRUST.dll
0x000007fefd2c0000 - 0x000007fefd42d000 	C:\windows\system32\CRYPT32.dll
0x000007fefd200000 - 0x000007fefd20f000 	C:\windows\system32\MSASN1.dll
0x0000000059360000 - 0x000000005b1aa000 	C:\windows\system32\nvoglv64.DLL
0x000007fefc410000 - 0x000007fefc421000 	C:\windows\system32\WTSAPI32.dll
0x000007fefadb0000 - 0x000007fefaddd000 	C:\windows\system32\ntmarta.dll
0x000007fefded0000 - 0x000007fefdf22000 	C:\windows\system32\WLDAP32.dll
0x000007fefd010000 - 0x000007fefd04d000 	C:\windows\system32\WINSTA.dll
0x0000000061630000 - 0x0000000061671000 	C:\Program Files\Java\jdk1.7.0_75\jre\bin\t2k.dll
0x000007fef7770000 - 0x000007fef7895000 	C:\windows\system32\dbghelp.dll

VM Arguments:
jvm_args: -Didea.launcher.port=7532 -Didea.launcher.bin.path=C:\Program Files (x86)\JetBrains\IntelliJ IDEA 14.0.3\bin -Dfile.encoding=UTF-8 
java_command: com.intellij.rt.execution.application.AppMain cz.muni.fi.pv112.MainWindow
Launcher Type: SUN_STANDARD

Environment Variables:
PATH=C:\ProgramData\Oracle\Java\javapath;C:\Program Files\Common Files\Microsoft Shared\Windows Live;C:\windows\system32;C:\windows;C:\windows\System32\Wbem;C:\windows\System32\WindowsPowerShell\v1.0\;C:\Program Files\Intel\WiFi\bin\;C:\Program Files\Common Files\Intel\WirelessCommon\;C:\Program Files (x86)\NVIDIA Corporation\PhysX\Common;C:\Program Files\Common Files\Microsoft Shared\Windows Live;C:\Program Files\Intel\WiFi\bin\;C:\Program Files\Common Files\Intel\WirelessCommon\
USERNAME=richard
OS=Windows_NT
PROCESSOR_IDENTIFIER=Intel64 Family 6 Model 42 Stepping 7, GenuineIntel



---------------  S Y S T E M  ---------------

OS: Windows 7 , 64 bit Build 7601 Service Pack 1

CPU:total 4 (2 cores per cpu, 2 threads per core) family 6 model 42 stepping 7, cmov, cx8, fxsr, mmx, sse, sse2, sse3, ssse3, sse4.1, sse4.2, popcnt, avx, aes, ht, tsc, tscinvbit

Memory: 4k page, physical 8300688k(3514908k free), swap 16599520k(10282768k free)

vm_info: Java HotSpot(TM) 64-Bit Server VM (24.75-b04) for windows-amd64 JRE (1.7.0_75-b13), built on Dec 18 2014 17:15:01 by "java_re" with unknown MS VC++:1600

time: Mon May 04 18:41:26 2015
elapsed time: 7 seconds

