#
# A fatal error has been detected by the Java Runtime Environment:
#
#  EXCEPTION_ACCESS_VIOLATION (0xc0000005) at pc=0x000000000609fe6f, pid=2828, tid=2160
#
# JRE version: Java(TM) SE Runtime Environment (7.0_75-b13) (build 1.7.0_75-b13)
# Java VM: Java HotSpot(TM) 64-Bit Server VM (24.75-b04 mixed mode windows-amd64 compressed oops)
# Problematic frame:
# C  0x000000000609fe6f
#
# Failed to write core dump. Minidumps are not enabled by default on client versions of Windows
#
# If you would like to submit a bug report, please visit:
#   http://bugreport.sun.com/bugreport/crash.jsp
# The crash happened outside the Java Virtual Machine in native code.
# See problematic frame for where to report the bug.
#

---------------  T H R E A D  ---------------

Current thread (0x000000000cc19000):  JavaThread "AWT-EventQueue-0" [_thread_in_native, id=2160, stack(0x000000000dfe0000,0x000000000e0e0000)]

siginfo: ExceptionCode=0xc0000005, reading address 0x000000000e8db000

Registers:
RAX=0x000000001ca19344, RBX=0x000000000bd10000, RCX=0x0000000000002089, RDX=0x00000000103d3d38
RSP=0x000000000e0dbc30, RBP=0x00000000be202752, RSI=0x000000000e8daffc, RDI=0x0000000000000000
R8 =0x00000000103cbb10, R9 =0x000000000001c71b, R10=0x000000000bd85230, R11=0x000000001043d77c
R12=0x000000001c9d0000, R13=0x000000000001c71b, R14=0x00000000103cbb10, R15=0x00000000003fffcc
RIP=0x000000000609fe6f, EFLAGS=0x0000000000010202

Top of Stack: (sp=0x000000000e0dbc30)
0x000000000e0dbc30:   000000000fbca800 000000000fafcf80
0x000000000e0dbc40:   000000000bd10000 000000000001c71b
0x000000000e0dbc50:   000000000fc006c0 0000000054906e65
0x000000000e0dbc60:   00000000103cbb10 00000000003fffcc
0x000000000e0dbc70:   000000000001c71b 0000000000000005
0x000000000e0dbc80:   000000000e0dbf38 000000000e0dbe00
0x000000000e0dbc90:   0000868e4552e725 0000000000000000
0x000000000e0dbca0:   0000000000000000 000000001c9d0000
0x000000000e0dbcb0:   0000000000000000 0000000000000000
0x000000000e0dbcc0:   000000000001c71b 000000000609fdc0
0x000000000e0dbcd0:   00000000103cbb10 000000000bd64888
0x000000000e0dbce0:   00000000485c4e00 000000000f958160
0x000000000e0dbcf0:   0000000000000040 0000000000000000
0x000000000e0dbd00:   0000000000000000 0000000000000000
0x000000000e0dbd10:   0000000000000000 0000000000000000
0x000000000e0dbd20:   000000000067b200 0000000000000000 

Instructions: (pc=0x000000000609fe6f)
0x000000000609fe4f:   78 14 48 be 60 53 d6 0b 00 00 00 00 48 8b 36 48
0x000000000609fe5f:   8b b6 88 01 00 00 48 8d 3c 49 48 8d 34 be 8b 3e
0x000000000609fe6f:   8b 6e 04 89 78 18 89 68 1c 8b 7e 08 89 78 20 48
0x000000000609fe7f:   83 c0 24 49 3b d3 0f 85 60 ff ff ff 48 8b 7c 24 


Register to memory mapping:

RAX=0x000000001ca19344 is an unknown value
RBX=0x000000000bd10000 is an unknown value
RCX=0x0000000000002089 is an unknown value
RDX=0x00000000103d3d38 is an unknown value
RSP=0x000000000e0dbc30 is pointing into the stack for thread: 0x000000000cc19000
RBP=0x00000000be202752 is an unknown value
RSI=0x000000000e8daffc is an unknown value
RDI=0x0000000000000000 is an unknown value
R8 =0x00000000103cbb10 is an unknown value
R9 =0x000000000001c71b is an unknown value
R10=0x000000000bd85230 is an unknown value
R11=0x000000001043d77c is an unknown value
R12=0x000000001c9d0000 is an unknown value
R13=0x000000000001c71b is an unknown value
R14=0x00000000103cbb10 is an unknown value
R15=0x00000000003fffcc is an unknown value


Stack: [0x000000000dfe0000,0x000000000e0e0000],  sp=0x000000000e0dbc30,  free space=1007k
Native frames: (J=compiled Java code, j=interpreted, Vv=VM code, C=native code)
C  0x000000000609fe6f

Java frames: (J=compiled Java code, j=interpreted, Vv=VM code)
j  jogamp.opengl.gl4.GL4bcImpl.dispatch_glDrawElements1(IIILjava/lang/Object;IZJ)V+0
j  jogamp.opengl.gl4.GL4bcImpl.glDrawElements(IIILjava/nio/Buffer;)V+105
j  cz.muni.fi.pv112.loaders.ObjLoaderVertexWrapper.render(Ljavax/media/opengl/GL2;)V+94
j  cz.muni.fi.pv112.Scene.display(Ljavax/media/opengl/GLAutoDrawable;)V+307
j  jogamp.opengl.GLDrawableHelper.displayImpl(Ljavax/media/opengl/GLAutoDrawable;)V+81
j  jogamp.opengl.GLDrawableHelper.display(Ljavax/media/opengl/GLAutoDrawable;)V+2
j  javax.media.opengl.awt.GLJPanel$Updater.display(Ljavax/media/opengl/GLAutoDrawable;)V+200
j  javax.media.opengl.awt.GLJPanel$9.run()V+11
j  jogamp.opengl.GLDrawableHelper.invokeGLImpl(Ljavax/media/opengl/GLDrawable;Ljavax/media/opengl/GLContext;Ljava/lang/Runnable;Ljava/lang/Runnable;)V+203
j  jogamp.opengl.GLDrawableHelper.invokeGL(Ljavax/media/opengl/GLDrawable;Ljavax/media/opengl/GLContext;Ljava/lang/Runnable;Ljava/lang/Runnable;)V+72
j  javax.media.opengl.awt.GLJPanel$OffscreenBackend.doPaintComponent(Ljava/awt/Graphics;)V+29
j  javax.media.opengl.awt.GLJPanel.paintComponent(Ljava/awt/Graphics;)V+215
j  javax.swing.JComponent.paint(Ljava/awt/Graphics;)V+286
j  javax.swing.JComponent.paintChildren(Ljava/awt/Graphics;)V+501
j  javax.swing.JComponent.paint(Ljava/awt/Graphics;)V+318
j  javax.swing.JComponent.paintChildren(Ljava/awt/Graphics;)V+501
j  javax.swing.JComponent.paint(Ljava/awt/Graphics;)V+318
j  javax.swing.JLayeredPane.paint(Ljava/awt/Graphics;)V+73
j  javax.swing.JComponent.paintChildren(Ljava/awt/Graphics;)V+501
j  javax.swing.JComponent.paintToOffscreen(Ljava/awt/Graphics;IIIIII)V+72
j  javax.swing.RepaintManager$PaintManager.paintDoubleBuffered(Ljavax/swing/JComponent;Ljava/awt/Image;Ljava/awt/Graphics;IIII)V+163
j  javax.swing.RepaintManager$PaintManager.paint(Ljavax/swing/JComponent;Ljavax/swing/JComponent;Ljava/awt/Graphics;IIII)Z+116
j  javax.swing.RepaintManager.paint(Ljavax/swing/JComponent;Ljavax/swing/JComponent;Ljava/awt/Graphics;IIII)V+52
j  javax.swing.JComponent.paint(Ljava/awt/Graphics;)V+221
j  java.awt.GraphicsCallback$PaintCallback.run(Ljava/awt/Component;Ljava/awt/Graphics;)V+2
j  sun.awt.SunGraphicsCallback.runOneComponent(Ljava/awt/Component;Ljava/awt/Rectangle;Ljava/awt/Graphics;Ljava/awt/Shape;I)V+155
j  sun.awt.SunGraphicsCallback.runComponents([Ljava/awt/Component;Ljava/awt/Graphics;I)V+194
j  java.awt.Container.paint(Ljava/awt/Graphics;)V+58
j  java.awt.Window.paint(Ljava/awt/Graphics;)V+68
j  javax.swing.RepaintManager$3.run()Ljava/lang/Void;+136
j  javax.swing.RepaintManager$3.run()Ljava/lang/Object;+1
v  ~StubRoutines::call_stub
j  java.security.AccessController.doPrivileged(Ljava/security/PrivilegedAction;Ljava/security/AccessControlContext;)Ljava/lang/Object;+0
j  java.security.ProtectionDomain$1.doIntersectionPrivilege(Ljava/security/PrivilegedAction;Ljava/security/AccessControlContext;Ljava/security/AccessControlContext;)Ljava/lang/Object;+28
j  javax.swing.RepaintManager.paintDirtyRegions(Ljava/util/Map;)V+154
j  javax.swing.RepaintManager.paintDirtyRegions()V+46
j  javax.swing.RepaintManager.prePaintDirtyRegions()V+73
j  javax.swing.RepaintManager.access$1100(Ljavax/swing/RepaintManager;)V+1
j  javax.swing.RepaintManager$ProcessingRunnable.run()V+37
j  java.awt.event.InvocationEvent.dispatch()V+47
j  java.awt.EventQueue.dispatchEventImpl(Ljava/awt/AWTEvent;Ljava/lang/Object;)V+21
j  java.awt.EventQueue.access$300(Ljava/awt/EventQueue;Ljava/awt/AWTEvent;Ljava/lang/Object;)V+3
j  java.awt.EventQueue$3.run()Ljava/lang/Void;+12
j  java.awt.EventQueue$3.run()Ljava/lang/Object;+1
v  ~StubRoutines::call_stub
j  java.security.AccessController.doPrivileged(Ljava/security/PrivilegedAction;Ljava/security/AccessControlContext;)Ljava/lang/Object;+0
j  java.security.ProtectionDomain$1.doIntersectionPrivilege(Ljava/security/PrivilegedAction;Ljava/security/AccessControlContext;Ljava/security/AccessControlContext;)Ljava/lang/Object;+28
j  java.awt.EventQueue.dispatchEvent(Ljava/awt/AWTEvent;)V+46
j  java.awt.EventDispatchThread.pumpOneEventForFilters(I)V+245
j  java.awt.EventDispatchThread.pumpEventsForFilter(ILjava/awt/Conditional;Ljava/awt/EventFilter;)V+35
j  java.awt.EventDispatchThread.pumpEventsForHierarchy(ILjava/awt/Conditional;Ljava/awt/Component;)V+11
j  java.awt.EventDispatchThread.pumpEvents(ILjava/awt/Conditional;)V+4
j  java.awt.EventDispatchThread.pumpEvents(Ljava/awt/Conditional;)V+3
j  java.awt.EventDispatchThread.run()V+9
v  ~StubRoutines::call_stub

---------------  P R O C E S S  ---------------

Java Threads: ( => current thread )
  0x000000000e360800 JavaThread "AWT-EventQueue-0-FPSAWTAnimator#00-Timer0" [_thread_blocked, id=6104, stack(0x000000000f2e0000,0x000000000f3e0000)]
  0x000000000e1e1800 JavaThread "AWT-EventQueue-0-SharedResourceRunner" daemon [_thread_blocked, id=4208, stack(0x000000000dbd0000,0x000000000dcd0000)]
  0x000000000246f000 JavaThread "DestroyJavaVM" [_thread_blocked, id=828, stack(0x0000000002690000,0x0000000002790000)]
=>0x000000000cc19000 JavaThread "AWT-EventQueue-0" [_thread_in_native, id=2160, stack(0x000000000dfe0000,0x000000000e0e0000)]
  0x000000000cc06800 JavaThread "AWT-Windows" daemon [_thread_in_native, id=948, stack(0x000000000d6d0000,0x000000000d7d0000)]
  0x000000000cc06000 JavaThread "AWT-Shutdown" [_thread_blocked, id=2968, stack(0x000000000d530000,0x000000000d630000)]
  0x000000000cbec000 JavaThread "Java2D Disposer" daemon [_thread_blocked, id=5448, stack(0x000000000d350000,0x000000000d450000)]
  0x000000000cb43000 JavaThread "Monitor Ctrl-Break" daemon [_thread_in_native, id=4140, stack(0x000000000cf10000,0x000000000d010000)]
  0x000000000ac84000 JavaThread "Service Thread" daemon [_thread_blocked, id=6020, stack(0x000000000c970000,0x000000000ca70000)]
  0x000000000ac7e000 JavaThread "C2 CompilerThread1" daemon [_thread_blocked, id=5796, stack(0x000000000c790000,0x000000000c890000)]
  0x000000000ac78800 JavaThread "C2 CompilerThread0" daemon [_thread_blocked, id=5156, stack(0x000000000c550000,0x000000000c650000)]
  0x000000000ac75800 JavaThread "Attach Listener" daemon [_thread_blocked, id=5804, stack(0x000000000c360000,0x000000000c460000)]
  0x000000000ac70800 JavaThread "Signal Dispatcher" daemon [_thread_blocked, id=7780, stack(0x000000000c0e0000,0x000000000c1e0000)]
  0x000000000ac13000 JavaThread "Finalizer" daemon [_thread_blocked, id=3240, stack(0x000000000bf40000,0x000000000c040000)]
  0x000000000ac11800 JavaThread "Reference Handler" daemon [_thread_blocked, id=7676, stack(0x000000000bdc0000,0x000000000bec0000)]

Other Threads:
  0x000000000ac0c000 VMThread [stack: 0x000000000bc10000,0x000000000bd10000] [id=5836]
  0x000000000ac8d000 WatcherThread [stack: 0x000000000c240000,0x000000000c340000] [id=1260]

VM state:not at safepoint (normal execution)

VM Mutex/Monitor currently owned by a thread: None

Heap
 PSYoungGen      total 342528K, used 39933K [0x00000007d5c00000, 0x00000007fcb00000, 0x0000000800000000)
  eden space 329728K, 10% used [0x00000007d5c00000,0x00000007d7d267f0,0x00000007e9e00000)
  from space 12800K, 46% used [0x00000007f0680000,0x00000007f0c58e48,0x00000007f1300000)
  to   space 107008K, 0% used [0x00000007e9e00000,0x00000007e9e00000,0x00000007f0680000)
 ParOldGen       total 419840K, used 273524K [0x0000000781400000, 0x000000079ae00000, 0x00000007d5c00000)
  object space 419840K, 65% used [0x0000000781400000,0x0000000791f1d398,0x000000079ae00000)
 PSPermGen       total 37888K, used 18803K [0x000000077c200000, 0x000000077e700000, 0x0000000781400000)
  object space 37888K, 49% used [0x000000077c200000,0x000000077d45cda0,0x000000077e700000)

Card table byte_map: [0x0000000005790000,0x0000000005bb0000] byte_map_base: 0x0000000001baf000

Polling page: 0x00000000005c0000

Code Cache  [0x0000000002790000, 0x0000000002a00000, 0x0000000005790000)
 total_blobs=1054 nmethods=204 adapters=802 free_code_cache=47722Kb largest_free_block=48825984

Compilation events (10 events):
Event: 4.188 Thread 0x000000000ac7e000  201 % !         jogamp.opengl.util.jpeg.JPEGDecoder$Decoder::decodeScan @ 411 (806 bytes)
Event: 4.207 Thread 0x000000000ac7e000 nmethod 201% 0x00000000028f1090 code [0x00000000028f12c0, 0x00000000028f21d0]
Event: 4.208 Thread 0x000000000ac78800  202 % !         jogamp.opengl.util.jpeg.JPEGDecoder$Decoder::decodeScan @ 421 (806 bytes)
Event: 4.231 Thread 0x000000000ac78800 nmethod 202% 0x00000000028f3310 code [0x00000000028f3540, 0x00000000028f4350]
Event: 5.415 Thread 0x000000000ac7e000  203             jogamp.opengl.util.jpeg.JPEGDecoder$Output::buildComponentData (213 bytes)
Event: 5.432 Thread 0x000000000ac7e000 nmethod 203 0x00000000028f5710 code [0x00000000028f58e0, 0x00000000028f6818]
Event: 6.255 Thread 0x000000000ac78800  204  s          jogamp.opengl.util.jpeg.JPEGDecoder::getPixel (1523 bytes)
Event: 6.308 Thread 0x000000000ac78800 nmethod 204 0x00000000028fa2d0 code [0x00000000028fa660, 0x00000000028fce00]
Event: 6.553 Thread 0x000000000ac7e000  205             jogamp.opengl.util.jpeg.JPEGDecoder$ComponentOut::getLine (31 bytes)
Event: 6.554 Thread 0x000000000ac7e000 nmethod 205 0x0000000002807c50 code [0x0000000002807da0, 0x0000000002807e98]

GC Heap History (10 events):
Event: 3.283 GC heap before
{Heap before GC invocations=7 (full 0):
 PSYoungGen      total 140288K, used 139980K [0x00000007d5c00000, 0x00000007dec00000, 0x0000000800000000)
  eden space 133120K, 100% used [0x00000007d5c00000,0x00000007dde00000,0x00000007dde00000)
  from space 7168K, 95% used [0x00000007de500000,0x00000007debb3178,0x00000007dec00000)
  to   space 7168K, 0% used [0x00000007dde00000,0x00000007dde00000,0x00000007de500000)
 ParOldGen       total 86528K, used 5372K [0x0000000781400000, 0x0000000786880000, 0x00000007d5c00000)
  object space 86528K, 6% used [0x0000000781400000,0x000000078193f320,0x0000000786880000)
 PSPermGen       total 21504K, used 18491K [0x000000077c200000, 0x000000077d700000, 0x0000000781400000)
  object space 21504K, 85% used [0x000000077c200000,0x000000077d40ed40,0x000000077d700000)
Event: 3.298 GC heap after
Heap after GC invocations=7 (full 0):
 PSYoungGen      total 140288K, used 6271K [0x00000007d5c00000, 0x00000007e6e00000, 0x0000000800000000)
  eden space 133120K, 0% used [0x00000007d5c00000,0x00000007d5c00000,0x00000007dde00000)
  from space 7168K, 87% used [0x00000007dde00000,0x00000007de41fd70,0x00000007de500000)
  to   space 7168K, 0% used [0x00000007e6700000,0x00000007e6700000,0x00000007e6e00000)
 ParOldGen       total 86528K, used 11615K [0x0000000781400000, 0x0000000786880000, 0x00000007d5c00000)
  object space 86528K, 13% used [0x0000000781400000,0x0000000781f57d20,0x0000000786880000)
 PSPermGen       total 21504K, used 18491K [0x000000077c200000, 0x000000077d700000, 0x0000000781400000)
  object space 21504K, 85% used [0x000000077c200000,0x000000077d40ed40,0x000000077d700000)
}
Event: 3.406 GC heap before
{Heap before GC invocations=8 (full 0):
 PSYoungGen      total 140288K, used 139391K [0x00000007d5c00000, 0x00000007e6e00000, 0x0000000800000000)
  eden space 133120K, 100% used [0x00000007d5c00000,0x00000007dde00000,0x00000007dde00000)
  from space 7168K, 87% used [0x00000007dde00000,0x00000007de41fd70,0x00000007de500000)
  to   space 7168K, 0% used [0x00000007e6700000,0x00000007e6700000,0x00000007e6e00000)
 ParOldGen       total 86528K, used 11615K [0x0000000781400000, 0x0000000786880000, 0x00000007d5c00000)
  object space 86528K, 13% used [0x0000000781400000,0x0000000781f57d20,0x0000000786880000)
 PSPermGen       total 21504K, used 18491K [0x000000077c200000, 0x000000077d700000, 0x0000000781400000)
  object space 21504K, 85% used [0x000000077c200000,0x000000077d40ef28,0x000000077d700000)
Event: 3.417 GC heap after
Heap after GC invocations=8 (full 0):
 PSYoungGen      total 271872K, used 7150K [0x00000007d5c00000, 0x00000007e7100000, 0x0000000800000000)
  eden space 264704K, 0% used [0x00000007d5c00000,0x00000007d5c00000,0x00000007e5e80000)
  from space 7168K, 99% used [0x00000007e6700000,0x00000007e6dfbbf8,0x00000007e6e00000)
  to   space 8704K, 0% used [0x00000007e5e80000,0x00000007e5e80000,0x00000007e6700000)
 ParOldGen       total 86528K, used 13903K [0x0000000781400000, 0x0000000786880000, 0x00000007d5c00000)
  object space 86528K, 16% used [0x0000000781400000,0x0000000782193d20,0x0000000786880000)
 PSPermGen       total 21504K, used 18491K [0x000000077c200000, 0x000000077d700000, 0x0000000781400000)
  object space 21504K, 85% used [0x000000077c200000,0x000000077d40ef28,0x000000077d700000)
}
Event: 3.888 GC heap before
{Heap before GC invocations=9 (full 0):
 PSYoungGen      total 271872K, used 271854K [0x00000007d5c00000, 0x00000007e7100000, 0x0000000800000000)
  eden space 264704K, 100% used [0x00000007d5c00000,0x00000007e5e80000,0x00000007e5e80000)
  from space 7168K, 99% used [0x00000007e6700000,0x00000007e6dfbbf8,0x00000007e6e00000)
  to   space 8704K, 0% used [0x00000007e5e80000,0x00000007e5e80000,0x00000007e6700000)
 ParOldGen       total 86528K, used 13903K [0x0000000781400000, 0x0000000786880000, 0x00000007d5c00000)
  object space 86528K, 16% used [0x0000000781400000,0x0000000782193d20,0x0000000786880000)
 PSPermGen       total 21504K, used 18498K [0x000000077c200000, 0x000000077d700000, 0x0000000781400000)
  object space 21504K, 86% used [0x000000077c200000,0x000000077d4108d8,0x000000077d700000)
Event: 3.914 GC heap after
Heap after GC invocations=9 (full 0):
 PSYoungGen      total 273408K, used 8682K [0x00000007d5c00000, 0x00000007f1300000, 0x0000000800000000)
  eden space 264704K, 0% used [0x00000007d5c00000,0x00000007d5c00000,0x00000007e5e80000)
  from space 8704K, 99% used [0x00000007e5e80000,0x00000007e66fa868,0x00000007e6700000)
  to   space 12800K, 0% used [0x00000007f0680000,0x00000007f0680000,0x00000007f1300000)
 ParOldGen       total 86528K, used 23029K [0x0000000781400000, 0x0000000786880000, 0x00000007d5c00000)
  object space 86528K, 26% used [0x0000000781400000,0x0000000782a7d468,0x0000000786880000)
 PSPermGen       total 21504K, used 18498K [0x000000077c200000, 0x000000077d700000, 0x0000000781400000)
  object space 21504K, 86% used [0x000000077c200000,0x000000077d4108d8,0x000000077d700000)
}
Event: 5.597 GC heap before
{Heap before GC invocations=10 (full 0):
 PSYoungGen      total 273408K, used 273386K [0x00000007d5c00000, 0x00000007f1300000, 0x0000000800000000)
  eden space 264704K, 100% used [0x00000007d5c00000,0x00000007e5e80000,0x00000007e5e80000)
  from space 8704K, 99% used [0x00000007e5e80000,0x00000007e66fa868,0x00000007e6700000)
  to   space 12800K, 0% used [0x00000007f0680000,0x00000007f0680000,0x00000007f1300000)
 ParOldGen       total 86528K, used 23029K [0x0000000781400000, 0x0000000786880000, 0x00000007d5c00000)
  object space 86528K, 26% used [0x0000000781400000,0x0000000782a7d468,0x0000000786880000)
 PSPermGen       total 21504K, used 18784K [0x000000077c200000, 0x000000077d700000, 0x0000000781400000)
  object space 21504K, 87% used [0x000000077c200000,0x000000077d458150,0x000000077d700000)
Event: 5.696 GC heap after
Heap after GC invocations=10 (full 0):
 PSYoungGen      total 342528K, used 12789K [0x00000007d5c00000, 0x00000007fcb00000, 0x0000000800000000)
  eden space 329728K, 0% used [0x00000007d5c00000,0x00000007d5c00000,0x00000007e9e00000)
  from space 12800K, 99% used [0x00000007f0680000,0x00000007f12fd7c0,0x00000007f1300000)
  to   space 107008K, 0% used [0x00000007e9e00000,0x00000007e9e00000,0x00000007f0680000)
 ParOldGen       total 273920K, used 273278K [0x0000000781400000, 0x0000000791f80000, 0x00000007d5c00000)
  object space 273920K, 99% used [0x0000000781400000,0x0000000791edfa98,0x0000000791f80000)
 PSPermGen       total 21504K, used 18784K [0x000000077c200000, 0x000000077d700000, 0x0000000781400000)
  object space 21504K, 87% used [0x000000077c200000,0x000000077d458150,0x000000077d700000)
}
Event: 5.696 GC heap before
{Heap before GC invocations=11 (full 1):
 PSYoungGen      total 342528K, used 12789K [0x00000007d5c00000, 0x00000007fcb00000, 0x0000000800000000)
  eden space 329728K, 0% used [0x00000007d5c00000,0x00000007d5c00000,0x00000007e9e00000)
  from space 12800K, 99% used [0x00000007f0680000,0x00000007f12fd7c0,0x00000007f1300000)
  to   space 107008K, 0% used [0x00000007e9e00000,0x00000007e9e00000,0x00000007f0680000)
 ParOldGen       total 273920K, used 273278K [0x0000000781400000, 0x0000000791f80000, 0x00000007d5c00000)
  object space 273920K, 99% used [0x0000000781400000,0x0000000791edfa98,0x0000000791f80000)
 PSPermGen       total 21504K, used 18784K [0x000000077c200000, 0x000000077d700000, 0x0000000781400000)
  object space 21504K, 87% used [0x000000077c200000,0x000000077d458150,0x000000077d700000)
Event: 6.084 GC heap after
Heap after GC invocations=11 (full 1):
 PSYoungGen      total 342528K, used 5987K [0x00000007d5c00000, 0x00000007fcb00000, 0x0000000800000000)
  eden space 329728K, 0% used [0x00000007d5c00000,0x00000007d5c00000,0x00000007e9e00000)
  from space 12800K, 46% used [0x00000007f0680000,0x00000007f0c58e48,0x00000007f1300000)
  to   space 107008K, 0% used [0x00000007e9e00000,0x00000007e9e00000,0x00000007f0680000)
 ParOldGen       total 419840K, used 273524K [0x0000000781400000, 0x000000079ae00000, 0x00000007d5c00000)
  object space 419840K, 65% used [0x0000000781400000,0x0000000791f1d398,0x000000079ae00000)
 PSPermGen       total 37888K, used 18778K [0x000000077c200000, 0x000000077e700000, 0x0000000781400000)
  object space 37888K, 49% used [0x000000077c200000,0x000000077d456b40,0x000000077e700000)
}

Deoptimization events (10 events):
Event: 0.389 Thread 0x000000000cc19000 Uncommon trap: reason=class_check action=maybe_recompile pc=0x0000000002807ec4 method=java.lang.String.equals(Ljava/lang/Object;)Z @ 8
Event: 0.389 Thread 0x000000000cc19000 Uncommon trap: reason=class_check action=maybe_recompile pc=0x0000000002807ec4 method=java.lang.String.equals(Ljava/lang/Object;)Z @ 8
Event: 0.389 Thread 0x000000000cc19000 Uncommon trap: reason=class_check action=maybe_recompile pc=0x0000000002807ec4 method=java.lang.String.equals(Ljava/lang/Object;)Z @ 8
Event: 2.001 Thread 0x000000000e1e1800 Uncommon trap: reason=unreached action=reinterpret pc=0x0000000002855e64 method=java.lang.Class.searchFields([Ljava/lang/reflect/Field;Ljava/lang/String;)Ljava/lang/reflect/Field; @ 20
Event: 2.271 Thread 0x000000000cc19000 Uncommon trap: reason=unreached action=reinterpret pc=0x000000000285ab8c method=sun.misc.URLClassPath$JarLoader.ensureOpen()V @ 4
Event: 2.578 Thread 0x000000000cc19000 Uncommon trap: reason=unreached action=reinterpret pc=0x000000000287eccc method=java.io.BufferedReader.readLine(Z)Ljava/lang/String; @ 192
Event: 2.614 Thread 0x000000000cc19000 Uncommon trap: reason=array_check action=maybe_recompile pc=0x0000000002882790 method=java.util.AbstractCollection.toArray([Ljava/lang/Object;)[Ljava/lang/Object; @ 119
Event: 2.614 Thread 0x000000000cc19000 Uncommon trap: reason=array_check action=maybe_recompile pc=0x0000000002882790 method=java.util.AbstractCollection.toArray([Ljava/lang/Object;)[Ljava/lang/Object; @ 119
Event: 2.614 Thread 0x000000000cc19000 Uncommon trap: reason=array_check action=maybe_recompile pc=0x0000000002882790 method=java.util.AbstractCollection.toArray([Ljava/lang/Object;)[Ljava/lang/Object; @ 119
Event: 2.614 Thread 0x000000000cc19000 Uncommon trap: reason=array_check action=maybe_recompile pc=0x0000000002882790 method=java.util.AbstractCollection.toArray([Ljava/lang/Object;)[Ljava/lang/Object; @ 119

Internal exceptions (10 events):
Event: 3.944 Thread 0x000000000cc19000 Threw 0x00000007d60b0650 at C:\re\jdk7u75\1940\hotspot\src\share\vm\prims\jvm.cpp:1281
Event: 3.945 Thread 0x000000000cc19000 Threw 0x00000007d60b81b8 at C:\re\jdk7u75\1940\hotspot\src\share\vm\prims\jvm.cpp:1281
Event: 3.946 Thread 0x000000000cc19000 Threw 0x00000007d6788078 at C:\re\jdk7u75\1940\hotspot\src\share\vm\prims\jvm.cpp:1281
Event: 4.011 Thread 0x000000000cc19000 Threw 0x00000007d6796eb0 at C:\re\jdk7u75\1940\hotspot\src\share\vm\prims\jvm.cpp:1281
Event: 4.106 Thread 0x000000000cc19000 Threw 0x00000007d6804c20 at C:\re\jdk7u75\1940\hotspot\src\share\vm\prims\jvm.cpp:1281
Event: 4.107 Thread 0x000000000cc19000 Threw 0x00000007d680bff8 at C:\re\jdk7u75\1940\hotspot\src\share\vm\prims\jvm.cpp:1281
Event: 4.108 Thread 0x000000000cc19000 Threw 0x00000007d6819e58 at C:\re\jdk7u75\1940\hotspot\src\share\vm\prims\jvm.cpp:1281
Event: 4.114 Thread 0x000000000cc19000 Threw 0x00000007d6826830 at C:\re\jdk7u75\1940\hotspot\src\share\vm\prims\jvm.cpp:1281
Event: 4.117 Thread 0x000000000cc19000 Threw 0x00000007d6831390 at C:\re\jdk7u75\1940\hotspot\src\share\vm\prims\jvm.cpp:1281
Event: 7.573 Thread 0x000000000cc19000 Threw 0x00000007d7824418 at C:\re\jdk7u75\1940\hotspot\src\share\vm\prims\jvm.cpp:1281

Events (10 events):
Event: 4.114 loading class 0x00000000103b3d00 done
Event: 4.117 loading class 0x00000000103b3d40
Event: 4.117 loading class 0x00000000103b3d40 done
Event: 4.210 Executing VM operation: EnableBiasedLocking
Event: 4.210 Executing VM operation: EnableBiasedLocking done
Event: 5.432 Thread 0x000000000ac7e000 flushing nmethod 0x0000000002807b50
Event: 5.597 Executing VM operation: ParallelGCFailedAllocation
Event: 6.084 Executing VM operation: ParallelGCFailedAllocation done
Event: 7.573 loading class 0x000000000e5be9e0
Event: 7.573 loading class 0x000000000e5be9e0 done


Dynamic libraries:
0x000000013fad0000 - 0x000000013fb03000 	C:\Program Files\Java\jdk1.7.0_75\bin\java.exe
0x0000000077440000 - 0x00000000775e9000 	C:\windows\SYSTEM32\ntdll.dll
0x0000000077320000 - 0x000000007743f000 	C:\windows\system32\kernel32.dll
0x000007fefd530000 - 0x000007fefd59c000 	C:\windows\system32\KERNELBASE.dll
0x000007fefd980000 - 0x000007fefda5b000 	C:\windows\system32\ADVAPI32.dll
0x000007fefe280000 - 0x000007fefe31f000 	C:\windows\system32\msvcrt.dll
0x000007feff500000 - 0x000007feff51f000 	C:\windows\SYSTEM32\sechost.dll
0x000007fefdc40000 - 0x000007fefdd6d000 	C:\windows\system32\RPCRT4.dll
0x0000000077220000 - 0x000000007731a000 	C:\windows\system32\USER32.dll
0x000007fefd6e0000 - 0x000007fefd747000 	C:\windows\system32\GDI32.dll
0x000007fefd5c0000 - 0x000007fefd5ce000 	C:\windows\system32\LPK.dll
0x000007fefe320000 - 0x000007fefe3e9000 	C:\windows\system32\USP10.dll
0x000007fefbc00000 - 0x000007fefbdf4000 	C:\windows\WinSxS\amd64_microsoft.windows.common-controls_6595b64144ccf1df_6.0.7601.17514_none_fa396087175ac9ac\COMCTL32.dll
0x000007fefe200000 - 0x000007fefe271000 	C:\windows\system32\SHLWAPI.dll
0x000007fefddf0000 - 0x000007fefde1e000 	C:\windows\system32\IMM32.DLL
0x000007fefd5d0000 - 0x000007fefd6d9000 	C:\windows\system32\MSCTF.dll
0x000007fefd130000 - 0x000007fefd161000 	C:\windows\system32\nvinitx.dll
0x000007fefd120000 - 0x000007fefd12c000 	C:\windows\system32\VERSION.dll
0x000000000f000000 - 0x000000000f006000 	C:\Program Files\NVIDIA Corporation\CoProcManager\detoured.dll
0x000007fef9950000 - 0x000007fef9981000 	C:\Program Files\NVIDIA Corporation\CoProcManager\nvd3d9wrapx.dll
0x000007fefda60000 - 0x000007fefdc37000 	C:\windows\system32\SETUPAPI.dll
0x000007fefd440000 - 0x000007fefd476000 	C:\windows\system32\CFGMGR32.dll
0x000007fefe640000 - 0x000007fefe717000 	C:\windows\system32\OLEAUT32.dll
0x000007fefd770000 - 0x000007fefd973000 	C:\windows\system32\ole32.dll
0x000007fefd230000 - 0x000007fefd24a000 	C:\windows\system32\DEVOBJ.dll
0x000007fef97e0000 - 0x000007fef9802000 	C:\Program Files\NVIDIA Corporation\CoProcManager\nvdxgiwrapx.dll
0x000000005bb30000 - 0x000000005bc02000 	C:\Program Files\Java\jdk1.7.0_75\jre\bin\msvcr100.dll
0x000000005b350000 - 0x000000005bb24000 	C:\Program Files\Java\jdk1.7.0_75\jre\bin\server\jvm.dll
0x000007fef90d0000 - 0x000007fef90d9000 	C:\windows\system32\WSOCK32.dll
0x000007fefe720000 - 0x000007fefe76d000 	C:\windows\system32\WS2_32.dll
0x000007fefde20000 - 0x000007fefde28000 	C:\windows\system32\NSI.dll
0x000007fefad70000 - 0x000007fefadab000 	C:\windows\system32\WINMM.dll
0x0000000077610000 - 0x0000000077617000 	C:\windows\system32\PSAPI.DLL
0x00000000665b0000 - 0x00000000665bf000 	C:\Program Files\Java\jdk1.7.0_75\jre\bin\verify.dll
0x0000000061940000 - 0x0000000061968000 	C:\Program Files\Java\jdk1.7.0_75\jre\bin\java.dll
0x0000000061900000 - 0x0000000061915000 	C:\Program Files\Java\jdk1.7.0_75\jre\bin\zip.dll
0x000007fefa790000 - 0x000007fefa7a0000 	C:\Program Files (x86)\JetBrains\IntelliJ IDEA 14.0.3\bin\breakgen64.dll
0x0000000061920000 - 0x0000000061939000 	C:\Program Files\Java\jdk1.7.0_75\jre\bin\net.dll
0x000007fefc930000 - 0x000007fefc985000 	C:\windows\system32\mswsock.dll
0x000007fefc920000 - 0x000007fefc927000 	C:\windows\System32\wship6.dll
0x000000005b010000 - 0x000000005b1a5000 	C:\Program Files\Java\jdk1.7.0_75\jre\bin\awt.dll
0x000007fefba00000 - 0x000007fefba56000 	C:\windows\system32\uxtheme.dll
0x0000000180000000 - 0x0000000180054000 	C:\Program Files (x86)\Lenovo\Onekey Theater\ActiveDetect64.dll
0x0000000002640000 - 0x000000000266b000 	C:\Program Files (x86)\Lenovo\Onekey Theater\WindowsApiHookDll64.dll
0x000007fefb3b0000 - 0x000007fefb3c8000 	C:\windows\system32\dwmapi.dll
0x000007fefd050000 - 0x000007fefd05f000 	C:\windows\system32\CRYPTBASE.dll
0x0000000010000000 - 0x000000001000a000 	C:\Program Files (x86)\Lenovo\Energy Management\BatteryTestDLL.dll
0x0000000070200000 - 0x00000000702c9000 	C:\windows\WinSxS\amd64_microsoft.vc80.crt_1fc8b3b9a1e18e3b_8.0.50727.6195_none_88e41e092fab0294\MSVCR80.dll
0x000007fefe770000 - 0x000007feff4f9000 	C:\windows\system32\SHELL32.dll
0x0000000061630000 - 0x0000000061677000 	C:\Program Files\Java\jdk1.7.0_75\jre\bin\fontmanager.dll
0x000007fefc990000 - 0x000007fefc9a8000 	C:\windows\system32\CRYPTSP.dll
0x000007fefc690000 - 0x000007fefc6d7000 	C:\windows\system32\rsaenh.dll
0x000007fefd5a0000 - 0x000007fefd5be000 	C:\windows\system32\USERENV.dll
0x000007fefd210000 - 0x000007fefd21f000 	C:\windows\system32\profapi.dll
0x000007fefa6a0000 - 0x000007fefa6c7000 	C:\windows\system32\IPHLPAPI.DLL
0x000007fefa690000 - 0x000007fefa69b000 	C:\windows\system32\WINNSI.DLL
0x000007fefa2e0000 - 0x000007fefa2f8000 	C:\windows\system32\dhcpcsvc.DLL
0x000007fefa2c0000 - 0x000007fefa2d1000 	C:\windows\system32\dhcpcsvc6.DLL
0x00000000618e0000 - 0x00000000618f1000 	C:\Program Files\Java\jdk1.7.0_75\jre\bin\nio.dll
0x000007fefcfb0000 - 0x000007fefd007000 	C:\windows\system32\apphelp.dll
0x00000000637c0000 - 0x00000000637cd000 	C:\Users\richard\AppData\Local\Temp\jogamp_0000\file_cache\jln6423198276642651478\jln2564531132895650168\gluegen-rt.dll
0x00000000618d0000 - 0x00000000618d7000 	C:\Program Files\Java\jdk1.7.0_75\jre\bin\jawt.dll
0x000000006a440000 - 0x000000006a44d000 	C:\Users\richard\AppData\Local\Temp\jogamp_0000\file_cache\jln6423198276642651478\jln2564531132895650168\nativewindow_awt.dll
0x000000006c100000 - 0x000000006c10f000 	C:\Users\richard\AppData\Local\Temp\jogamp_0000\file_cache\jln6423198276642651478\jln2564531132895650168\nativewindow_win32.dll
0x000007fef3db0000 - 0x000007fef3ecd000 	C:\windows\system32\OpenGL32.dll
0x000007fef6c80000 - 0x000007fef6cad000 	C:\windows\system32\GLU32.dll
0x000007fef5160000 - 0x000007fef5251000 	C:\windows\system32\DDRAW.dll
0x000007fefb0d0000 - 0x000007fefb0d8000 	C:\windows\system32\DCIMAN32.dll
0x0000000064500000 - 0x00000000645a2000 	C:\Users\richard\AppData\Local\Temp\jogamp_0000\file_cache\jln6423198276642651478\jln2564531132895650168\jogl_desktop.dll
0x000007fefd250000 - 0x000007fefd28b000 	C:\windows\system32\WINTRUST.dll
0x000007fefd2c0000 - 0x000007fefd42d000 	C:\windows\system32\CRYPT32.dll
0x000007fefd200000 - 0x000007fefd20f000 	C:\windows\system32\MSASN1.dll
0x0000000053da0000 - 0x0000000055bea000 	C:\windows\system32\nvoglv64.DLL
0x000007fefc410000 - 0x000007fefc421000 	C:\windows\system32\WTSAPI32.dll
0x000007fefadb0000 - 0x000007fefaddd000 	C:\windows\system32\ntmarta.dll
0x000007fefded0000 - 0x000007fefdf22000 	C:\windows\system32\WLDAP32.dll
0x000007fefd010000 - 0x000007fefd04d000 	C:\windows\system32\WINSTA.dll
0x0000000061880000 - 0x00000000618c1000 	C:\Program Files\Java\jdk1.7.0_75\jre\bin\t2k.dll
0x000007fef7770000 - 0x000007fef7895000 	C:\windows\system32\dbghelp.dll

VM Arguments:
jvm_args: -Didea.launcher.port=7534 -Didea.launcher.bin.path=C:\Program Files (x86)\JetBrains\IntelliJ IDEA 14.0.3\bin -Dfile.encoding=UTF-8 
java_command: com.intellij.rt.execution.application.AppMain cz.muni.fi.pv112.MainWindow
Launcher Type: SUN_STANDARD

Environment Variables:
PATH=C:\ProgramData\Oracle\Java\javapath;C:\Program Files\Common Files\Microsoft Shared\Windows Live;C:\windows\system32;C:\windows;C:\windows\System32\Wbem;C:\windows\System32\WindowsPowerShell\v1.0\;C:\Program Files\Intel\WiFi\bin\;C:\Program Files\Common Files\Intel\WirelessCommon\;C:\Program Files (x86)\NVIDIA Corporation\PhysX\Common;C:\Program Files\Common Files\Microsoft Shared\Windows Live;C:\Program Files\Intel\WiFi\bin\;C:\Program Files\Common Files\Intel\WirelessCommon\
USERNAME=richard
OS=Windows_NT
PROCESSOR_IDENTIFIER=Intel64 Family 6 Model 42 Stepping 7, GenuineIntel



---------------  S Y S T E M  ---------------

OS: Windows 7 , 64 bit Build 7601 Service Pack 1

CPU:total 4 (2 cores per cpu, 2 threads per core) family 6 model 42 stepping 7, cmov, cx8, fxsr, mmx, sse, sse2, sse3, ssse3, sse4.1, sse4.2, popcnt, avx, aes, ht, tsc, tscinvbit

Memory: 4k page, physical 8300688k(3537440k free), swap 16599520k(10291244k free)

vm_info: Java HotSpot(TM) 64-Bit Server VM (24.75-b04) for windows-amd64 JRE (1.7.0_75-b13), built on Dec 18 2014 17:15:01 by "java_re" with unknown MS VC++:1600

time: Mon May 04 18:41:14 2015
elapsed time: 7 seconds

